<?xml version="1.0" encoding="UTF-8"?>
<!-- Generated by org.testng.reporters.JUnitReportReporter -->
<testsuite hostname="DESKTOP-175D9K0" failures="0" tests="1" name="testCases.TC_001_Registration" time="3.031" errors="0" timestamp="2024-07-15T11:11:30 IST" skipped="0">
  <testcase classname="testCases.TC_001_Registration" name="AccountRegistration" time="3.031"/>
</testsuite> <!-- testCases.TC_001_Registration -->
